<?xml version="1.0" encoding="UTF-8"?>
<!-- Generated by org.testng.reporters.JUnitXMLReporter -->
<testsuite ignored="0" hostname="LAPTOP-M7V70HUH" failures="0" tests="3" name="Surefire test" time="8.409" errors="0" timestamp="2025-08-25T22:22:54 CLT">
  <testcase classname="api.tests.UserApiTest" name="getAllUsersTest" time="2.102"/>
  <testcase classname="api.tests.UserApiTest" name="getUserByIdTest" time="0.833"/>
  <testcase classname="com.qa.automation.tests.GoogleSearchTest" name="shouldSearchOnGoogleAndSeeTitle" time="2.652"/>
</testsuite> <!-- Surefire test -->
