<?xml version="1.0" encoding="UTF-8"?>
<!-- Generated by org.testng.reporters.JUnitXMLReporter -->
<testsuite ignored="0" hostname="LAPTOP-M7V70HUH" failures="0" tests="4" name="Surefire test" time="9.479" errors="0" timestamp="2025-08-26T02:46:54 CLT">
  <testcase classname="api.tests.UserApiTest" name="getAllUsersTest" time="2.627"/>
  <testcase classname="api.tests.UserApiTest" name="getUserByIdTest" time="0.385"/>
  <testcase classname="com.alex.tests.MySQLTest" name="testDBConnection" time="0.569"/>
  <testcase classname="com.qa.automation.tests.GoogleSearchTest" name="shouldSearchOnGoogleAndSeeTitle" time="3.132"/>
</testsuite> <!-- Surefire test -->
