<?xml version="1.0" encoding="UTF-8"?>
<testng-results ignored="0" total="1" passed="1" failed="0" skipped="0">
  <reporter-output>
  </reporter-output>
  <suite started-at="2025-08-25T21:45:03 CLT" name="Surefire suite" finished-at="2025-08-25T21:45:13 CLT" duration-ms="9309">
    <groups>
    </groups>
    <test started-at="2025-08-25T21:45:03 CLT" name="Surefire test" finished-at="2025-08-25T21:45:13 CLT" duration-ms="9309">
      <class name="com.qa.automation.tests.GoogleSearchTest">
        <test-method is-config="true" signature="setUp()[pri:0, instance:com.qa.automation.tests.GoogleSearchTest@743cb8e0]" started-at="2025-08-25T21:45:03 CLT" name="setUp" finished-at="2025-08-25T21:45:09 CLT" duration-ms="6255" status="PASS">
          <reporter-output>
          </reporter-output>
        </test-method> <!-- setUp -->
        <test-method signature="shouldSearchOnGoogleAndSeeTitle()[pri:0, instance:com.qa.automation.tests.GoogleSearchTest@743cb8e0]" started-at="2025-08-25T21:45:10 CLT" name="shouldSearchOnGoogleAndSeeTitle" finished-at="2025-08-25T21:45:11 CLT" duration-ms="1599" status="PASS">
          <reporter-output>
          </reporter-output>
        </test-method> <!-- shouldSearchOnGoogleAndSeeTitle -->
        <test-method is-config="true" signature="tearDown()[pri:0, instance:com.qa.automation.tests.GoogleSearchTest@743cb8e0]" started-at="2025-08-25T21:45:11 CLT" name="tearDown" finished-at="2025-08-25T21:45:13 CLT" duration-ms="1373" status="PASS">
          <reporter-output>
          </reporter-output>
        </test-method> <!-- tearDown -->
      </class> <!-- com.qa.automation.tests.GoogleSearchTest -->
    </test> <!-- Surefire test -->
  </suite> <!-- Surefire suite -->
</testng-results>
